<?xml version="1.0" encoding="UTF-8"?>
<!-- Generated by org.testng.reporters.JUnitReportReporter -->
<testsuite hostname="SARATHKADALAYIL" failures="0" tests="1" name="Packagedr1.Regtest" time="20.968" errors="0" timestamp="2023-07-25T18:25:35 IST" skipped="0">
  <testcase classname="Packagedr1.Regtest" name="testing" time="20.968"/>
</testsuite> <!-- Packagedr1.Regtest -->
